<?xml version="1.0" encoding="UTF-8"?>
<!-- Generated by org.testng.reporters.JUnitReportReporter -->
<testsuite hostname="nipunverma" failures="0" tests="1" name="com.TestCases.TestCase_UploadDownload" time="0.599" errors="0" timestamp="2021-11-15T16:00:41 IST" skipped="0">
  <testcase classname="com.TestCases.TestCase_UploadDownload" name="TestCase_Verify_Element_Highlighted" time="0.599"/>
  <system-out/>
</testsuite> <!-- com.TestCases.TestCase_UploadDownload -->
