<?xml version="1.0" encoding="UTF-8"?>
<!-- Generated by org.testng.reporters.JUnitReportReporter -->
<testsuite hostname="nipunverma" failures="0" tests="1" name="com.TestCases.TestCase_HashMapWithExcel" time="0.029" errors="0" timestamp="2021-11-14T17:29:26 IST" skipped="0">
  <testcase classname="com.TestCases.TestCase_HashMapWithExcel" name="excelWithHashMapImplementation_TC" time="0.029"/>
  <system-out/>
</testsuite> <!-- com.TestCases.TestCase_HashMapWithExcel -->
