<?xml version="1.0" encoding="UTF-8"?>
<!-- Generated by org.testng.reporters.JUnitReportReporter -->
<testsuite hostname="nipunverma" failures="0" tests="1" name="com.TestCases.TestCase_CloseDesiredWindow" time="79.362" errors="0" timestamp="2021-11-11T15:07:12 IST" skipped="0">
  <testcase classname="com.TestCases.TestCase_CloseDesiredWindow" name="TestCase_CloseDesiredWindow" time="79.362"/>
  <system-out/>
</testsuite> <!-- com.TestCases.TestCase_CloseDesiredWindow -->
