<?xml version="1.0" encoding="UTF-8"?>
<!-- Generated by org.testng.reporters.JUnitReportReporter -->
<testsuite hostname="nipunverma" failures="0" tests="1" name="com.TestCases.TestCase_HandleRobotClass" time="7.511" errors="0" timestamp="2021-11-15T16:16:11 IST" skipped="0">
  <testcase classname="com.TestCases.TestCase_HandleRobotClass" name="TestCase_WindowHandle" time="7.511"/>
  <system-out/>
</testsuite> <!-- com.TestCases.TestCase_HandleRobotClass -->
