<?xml version="1.0" encoding="UTF-8"?>
<!-- Generated by org.testng.reporters.JUnitReportReporter -->
<testsuite hostname="nipunverma" failures="0" tests="1" name="com.TestCases.TestCase_ColorChange" time="0.058" errors="0" timestamp="2021-11-09T16:53:17 IST" skipped="0">
  <testcase classname="com.TestCases.TestCase_ColorChange" name="TestCase_VerifyColorChange" time="0.058"/>
  <system-out/>
</testsuite> <!-- com.TestCases.TestCase_ColorChange -->
