<?xml version="1.0" encoding="UTF-8"?>
<!-- Generated by org.testng.reporters.JUnitReportReporter -->
<testsuite skipped="1" hostname="nipunverma" name="com.TestCases.TestCase_CsvFileReader" tests="1" failures="0" timestamp="2021-11-09T16:55:56 IST" time="0.000" errors="0">
  <testcase name="csvReader" time="0.000" classname="com.TestCases.TestCase_CsvFileReader">
    <skipped/>
  </testcase> <!-- csvReader -->
  <system-out/>
</testsuite> <!-- com.TestCases.TestCase_CsvFileReader -->
