<?xml version="1.0" encoding="UTF-8"?>
<!-- Generated by org.testng.reporters.JUnitReportReporter -->
<testsuite skipped="10" hostname="nipunverma" name="com.TestCases.TestCase_GroupingConcept" tests="10" failures="0" timestamp="2021-11-09T16:55:56 IST" time="0.000" errors="0">
  <testcase name="groupingMethod_TC7" time="0.000" classname="com.TestCases.TestCase_GroupingConcept">
    <skipped/>
  </testcase> <!-- groupingMethod_TC7 -->
  <system-out/>
  <testcase name="groupingMethod_TC10" time="0.000" classname="com.TestCases.TestCase_GroupingConcept">
    <skipped/>
  </testcase> <!-- groupingMethod_TC10 -->
  <system-out/>
  <testcase name="groupingMethod_TC2" time="0.000" classname="com.TestCases.TestCase_GroupingConcept">
    <skipped/>
  </testcase> <!-- groupingMethod_TC2 -->
  <system-out/>
  <testcase name="groupingMethod_TC6" time="0.000" classname="com.TestCases.TestCase_GroupingConcept">
    <skipped/>
  </testcase> <!-- groupingMethod_TC6 -->
  <system-out/>
  <testcase name="groupingMethod_TC8" time="0.000" classname="com.TestCases.TestCase_GroupingConcept">
    <skipped/>
  </testcase> <!-- groupingMethod_TC8 -->
  <system-out/>
  <testcase name="groupingMethod_TC1" time="0.000" classname="com.TestCases.TestCase_GroupingConcept">
    <skipped/>
  </testcase> <!-- groupingMethod_TC1 -->
  <system-out/>
  <testcase name="groupingMethod_TC3" time="0.000" classname="com.TestCases.TestCase_GroupingConcept">
    <skipped/>
  </testcase> <!-- groupingMethod_TC3 -->
  <system-out/>
  <testcase name="groupingMethod_TC5" time="0.000" classname="com.TestCases.TestCase_GroupingConcept">
    <skipped/>
  </testcase> <!-- groupingMethod_TC5 -->
  <system-out/>
  <testcase name="groupingMethod_TC9" time="0.000" classname="com.TestCases.TestCase_GroupingConcept">
    <skipped/>
  </testcase> <!-- groupingMethod_TC9 -->
  <system-out/>
  <testcase name="groupingMethod_TC4" time="0.000" classname="com.TestCases.TestCase_GroupingConcept">
    <skipped/>
  </testcase> <!-- groupingMethod_TC4 -->
  <system-out/>
</testsuite> <!-- com.TestCases.TestCase_GroupingConcept -->
